Traceback (most recent call last):
  File "C:\Users\pm27995\AppData\Local\anaconda3\envs\book\lib\site-packages\jupyter_cache\executors\utils.py", line 58, in single_nb_execution
    executenb(
  File "C:\Users\pm27995\AppData\Local\anaconda3\envs\book\lib\site-packages\nbclient\client.py", line 1305, in execute
    return NotebookClient(nb=nb, resources=resources, km=km, **kwargs).execute()
  File "C:\Users\pm27995\AppData\Local\anaconda3\envs\book\lib\site-packages\jupyter_core\utils\__init__.py", line 165, in wrapped
    return loop.run_until_complete(inner)
  File "C:\Users\pm27995\AppData\Local\anaconda3\envs\book\lib\asyncio\base_events.py", line 608, in run_until_complete
    return future.result()
  File "C:\Users\pm27995\AppData\Local\anaconda3\envs\book\lib\site-packages\nbclient\client.py", line 705, in async_execute
    await self.async_execute_cell(
  File "C:\Users\pm27995\AppData\Local\anaconda3\envs\book\lib\site-packages\nbclient\client.py", line 1058, in async_execute_cell
    await self._check_raise_for_error(cell, cell_index, exec_reply)
  File "C:\Users\pm27995\AppData\Local\anaconda3\envs\book\lib\site-packages\nbclient\client.py", line 914, in _check_raise_for_error
    raise CellExecutionError.from_cell_and_msg(cell, exec_reply_content)
nbclient.exceptions.CellExecutionError: An error occurred while executing the following cell:
------------------
q = np.array([1.0, 0.0])                                      # query vector 

key_angles_deg = np.array([5, 45, 90, 135,180])               # keys 1 - 5
key_angles_rad = np.deg2rad(key_angles_deg)
keys = np.vstack([np.cos(key_angles_rad), np.sin(key_angles_rad)]).T

angles_deg = np.linspace(0, 180, 400)
angles_rad = np.deg2rad(angles_deg)
vecs = np.vstack([np.cos(angles_rad), np.sin(angles_rad)]).T

dot_vals = vecs @ q                                           # similarity measures
l2_vals = -1.0*np.linalg.norm(vecs - q, axis=1)

fig, axes = plt.subplots(1, 3, figsize=(5, 15))               # plot query and keys are vectors

ax = axes[0]
ax.set_title(r"Query and Keys ($d=2$ Vectors)")
ax.quiver(0, 0, q[0], q[1],                                   # query vector
          angles='xy', scale_units='xy', scale=1,
          color='red', width=0.006)
ax.scatter([1],[0],color='salmon',edgecolor='black',s=200,zorder=30)
ax.text(1,-0.01,"Q",ha='center',va='center',color='black',fontsize=8,zorder=30)
ax.text(1.06, -0.1, "(1,0)", color='black', fontsize=8,zorder=40)

for i, (ang, k) in enumerate(zip(key_angles_deg, keys), start=1): # keys
    ax.quiver(0, 0, k[0], k[1],angles='xy', scale_units='xy', scale=1,color='#BF5700', width=0.004)
    ax.scatter(k[0],k[1],color='orange',edgecolor='black',s=200,zorder=20)
    ax.text(k[0]+0.45,k[1],'('+ str(np.round(k[0],2)) + ', ' + str(np.round(k[1],2)) + ')',ha='center',va='center',fontsize=8,zorder=40)
    ax.text(k[0],k[1],f'$K_{i}$',ha='center',va='center',fontsize=8,zorder=40)
    ax.text(k[0]+0.40,k[1]-0.08,rf'$\alpha$={ang:.1f}',ha='center',va='center',fontsize=8)

ax.set_xlim(-1.8, 1.8); ax.set_ylim(-0.8, 1.8); ax.set_box_aspect(1)
ax.set_xlabel(r'$d_1$'); ax.set_ylabel(r'$d_2$'); add_grid2(ax)

ax = axes[1]                                                  # L2 vs. angle
ax.set_title("L2 Distance vs Angle")
ax.plot(angles_deg, l2_vals, color='#BF5700',linewidth=2); ax.set_box_aspect(1)
ax.set_xlabel("Angle (degrees)"); ax.set_ylabel("-L2 Distance"); add_grid2(ax)
ax.axhline(0, color='black', linewidth=0.8); ax.set_ylim([-2.2,0.1])

for i, ang in enumerate(key_angles_deg, start=1):             # key markers
    k = np.array([np.cos(np.deg2rad(ang)), np.sin(np.deg2rad(ang))])
    y = -1.0*np.linalg.norm(k - q)
    ax.scatter(ang, y+0.03, color='orange',edgecolor='black',alpha=1.0,s=200,zorder=10)
    ax.text(ang, y + 0.0, f"K{i}", ha='center',size=8,color='black',zorder=20)
    ax.axvline(ang, color='black', linestyle='--', alpha=0.3)

ax = axes[2]                                                  # dot product vs. angle
ax.set_title("Dot Product vs Angle")
ax.plot(angles_deg, dot_vals, color='#BF5700',linewidth=2); ax.set_box_aspect(1)
ax.set_xlabel("Angle (degrees)"); ax.set_ylabel("Dot product"); add_grid2(ax)
ax.axhline(0, color='black', linewidth=0.8); ax.set_ylim([-1.2,1.2])

for i, ang in enumerate(key_angles_deg, start=1):             # key markers
    y = np.cos(np.deg2rad(ang))  # since q = [1,0]
    ax.scatter(ang, y+0.03, color='orange',edgecolor='black',alpha=1.0,s=200,zorder=10)
    ax.text(ang, y + 0.0, f"K{i}", ha='center',size=8,color='black',zorder=20)
    ax.axvline(ang, color='black', linestyle='--', alpha=0.3)

plt.tight_layout()
plt.subplots_adjust(left=0.0, bottom=0.0, right=2.5, top=1.0, wspace=0.3, hspace=0.2); 
#plt.savefig("attention_demo1.png", dpi=300, bbox_inches="tight")
plt.show()
------------------


[1;31m---------------------------------------------------------------------------[0m
[1;31mNameError[0m                                 Traceback (most recent call last)
Cell [1;32mIn[2], line 33[0m
[0;32m     30[0m     ax[38;5;241m.[39mtext(k[[38;5;241m0[39m][38;5;241m+[39m[38;5;241m0.40[39m,k[[38;5;241m1[39m][38;5;241m-[39m[38;5;241m0.08[39m,[38;5;124mrf[39m[38;5;124m'[39m[38;5;124m$[39m[38;5;124m\[39m[38;5;124malpha$=[39m[38;5;132;01m{[39;00mang[38;5;132;01m:[39;00m[38;5;124m.1f[39m[38;5;132;01m}[39;00m[38;5;124m'[39m,ha[38;5;241m=[39m[38;5;124m'[39m[38;5;124mcenter[39m[38;5;124m'[39m,va[38;5;241m=[39m[38;5;124m'[39m[38;5;124mcenter[39m[38;5;124m'[39m,fontsize[38;5;241m=[39m[38;5;241m8[39m)
[0;32m     32[0m ax[38;5;241m.[39mset_xlim([38;5;241m-[39m[38;5;241m1.8[39m, [38;5;241m1.8[39m); ax[38;5;241m.[39mset_ylim([38;5;241m-[39m[38;5;241m0.8[39m, [38;5;241m1.8[39m); ax[38;5;241m.[39mset_box_aspect([38;5;241m1[39m)
[1;32m---> 33[0m ax[38;5;241m.[39mset_xlabel([38;5;124mr[39m[38;5;124m'[39m[38;5;124m$d_1$[39m[38;5;124m'[39m); ax[38;5;241m.[39mset_ylabel([38;5;124mr[39m[38;5;124m'[39m[38;5;124m$d_2$[39m[38;5;124m'[39m); [43madd_grid2[49m(ax)
[0;32m     35[0m ax [38;5;241m=[39m axes[[38;5;241m1[39m]                                                  [38;5;66;03m# L2 vs. angle[39;00m
[0;32m     36[0m ax[38;5;241m.[39mset_title([38;5;124m"[39m[38;5;124mL2 Distance vs Angle[39m[38;5;124m"[39m)

[1;31mNameError[0m: name 'add_grid2' is not defined

