Traceback (most recent call last):
  File "C:\ProgramData\anaconda3\envs\MachineLearningBook\lib\site-packages\jupyter_cache\executors\utils.py", line 58, in single_nb_execution
    executenb(
  File "C:\ProgramData\anaconda3\envs\MachineLearningBook\lib\site-packages\nbclient\client.py", line 1305, in execute
    return NotebookClient(nb=nb, resources=resources, km=km, **kwargs).execute()
  File "C:\ProgramData\anaconda3\envs\MachineLearningBook\lib\site-packages\jupyter_core\utils\__init__.py", line 165, in wrapped
    return loop.run_until_complete(inner)
  File "C:\ProgramData\anaconda3\envs\MachineLearningBook\lib\asyncio\base_events.py", line 608, in run_until_complete
    return future.result()
  File "C:\ProgramData\anaconda3\envs\MachineLearningBook\lib\site-packages\nbclient\client.py", line 705, in async_execute
    await self.async_execute_cell(
  File "C:\ProgramData\anaconda3\envs\MachineLearningBook\lib\site-packages\nbclient\client.py", line 1058, in async_execute_cell
    await self._check_raise_for_error(cell, cell_index, exec_reply)
  File "C:\ProgramData\anaconda3\envs\MachineLearningBook\lib\site-packages\nbclient\client.py", line 914, in _check_raise_for_error
    raise CellExecutionError.from_cell_and_msg(cell, exec_reply_content)
nbclient.exceptions.CellExecutionError: An error occurred while executing the following cell:
------------------
df = pd.read_csv('https://raw.githubusercontent.com/GeostatsGuy/GeoDataSets/master/unconv_MV_v4.csv') # load data from Dr. Pyrcz's GitHub repository  

response = 'Prod'                                             # specify the response feature
X = df.iloc[:,[1,3]]                                          # make predictor and response DataFrames
y = df.loc[:,response]

Xname = X.columns.values.tolist()                             # store the names of the features
yname = y.name

Xmin = [6.0,1.0]; Xmax = [24.0,5.0]                           # set the minimum and maximum values for plotting
ymin = 500.0; ymax = 9000.0

Xlabel = ['Porosity','Acoustic Impedance']
ylabel = 'Normalized Initial Production (MCFPD)'

Xtitle = ['Porosity','Acoustic Impedance']
ytitle = 'Normalized Initial Production'

Xunit = ['%',r'$kg/m^3 x m/s x 10^3$']; yunit = 'MCFPD'
Xlabelunit = [Xlabel[0] + ' (' + Xunit[0] + ')',Xlabel[1] + ' (' + Xunit[1] + ')']
ylabelunit = ylabel + ' (' + yunit + ')'

m = len(pred) + 1
mpred = len(pred)
------------------


[1;31m---------------------------------------------------------------------------[0m
[1;31mNameError[0m                                 Traceback (most recent call last)
Cell [1;32mIn[3], line 23[0m
[0;32m     20[0m Xlabelunit [38;5;241m=[39m [Xlabel[[38;5;241m0[39m] [38;5;241m+[39m [38;5;124m'[39m[38;5;124m ([39m[38;5;124m'[39m [38;5;241m+[39m Xunit[[38;5;241m0[39m] [38;5;241m+[39m [38;5;124m'[39m[38;5;124m)[39m[38;5;124m'[39m,Xlabel[[38;5;241m1[39m] [38;5;241m+[39m [38;5;124m'[39m[38;5;124m ([39m[38;5;124m'[39m [38;5;241m+[39m Xunit[[38;5;241m1[39m] [38;5;241m+[39m [38;5;124m'[39m[38;5;124m)[39m[38;5;124m'[39m]
[0;32m     21[0m ylabelunit [38;5;241m=[39m ylabel [38;5;241m+[39m [38;5;124m'[39m[38;5;124m ([39m[38;5;124m'[39m [38;5;241m+[39m yunit [38;5;241m+[39m [38;5;124m'[39m[38;5;124m)[39m[38;5;124m'[39m
[1;32m---> 23[0m m [38;5;241m=[39m [38;5;28mlen[39m([43mpred[49m) [38;5;241m+[39m [38;5;241m1[39m
[0;32m     24[0m mpred [38;5;241m=[39m [38;5;28mlen[39m(pred)

[1;31mNameError[0m: name 'pred' is not defined

